2019-05-21 21:04:28,774 - __main__ - INFO - ============================================
2019-05-21 21:04:28,774 - __main__ - INFO - Start date: 2019-05-20; end date: 2019-05-21.
2019-05-21 21:04:28,809 - __main__ - INFO - ============================================
2019-05-21 21:04:28,809 - __main__ - INFO - Harvest 280 politician's info starts.
2019-05-21 21:04:30,183 - __main__ - INFO - ============================================
2019-05-21 21:04:30,183 - __main__ - INFO - Harvest 280 politician's tweets starts.
2019-05-21 21:05:00,551 - __main__ - INFO - Harvest politician's info finishes. 0.5290025353431702 mins used 
2019-05-21 21:05:30,732 - __main__ - INFO - Harvest politician's tweets finishes. 1.0091360012690227 mins used.
2019-05-21 21:05:30,863 - __main__ - INFO - Politician's tweets read time: 0:00:00.131037
2019-05-21 22:00:19,088 - __main__ - INFO - ============================================
2019-05-21 22:00:19,088 - __main__ - INFO - Start date: 2019-05-20; end date: 2019-05-21.
2019-05-21 22:00:19,105 - __main__ - INFO - ============================================
2019-05-21 22:00:19,106 - __main__ - INFO - Harvest 280 politician's info starts.
2019-05-23 12:02:32,593 - __main__ - INFO - ============================================
2019-05-23 12:02:32,594 - __main__ - INFO - Start date: 2019-04-13; end date: 2019-05-03.
2019-05-23 12:02:32,629 - __main__ - INFO - ============================================
2019-05-23 12:02:32,629 - __main__ - INFO - Harvest 280 politician's info starts.
2019-05-23 12:02:34,241 - __main__ - INFO - ============================================
2019-05-23 12:02:34,242 - __main__ - INFO - Harvest 280 politician's tweets starts.
2019-05-23 12:02:34,841 - __main__ - INFO - Harvest politician's info finishes. 0.03686115344365438 mins used 
2019-05-23 12:02:35,882 - __main__ - INFO - Harvest politician's tweets finishes. 0.027324068546295165 mins used.
2019-05-23 12:02:38,311 - __main__ - INFO - Politician's tweets read time: 0:00:02.429111
2019-05-23 12:02:38,311 - __main__ - INFO - ============================================
2019-05-23 12:02:38,311 - __main__ - INFO - Read mentioned tweets starts
2019-05-23 12:04:20,377 - __main__ - INFO - 1074940 mentioned tweets loaded. Time used: 1.7010766824086507 mins
2019-05-23 12:22:46,272 - __main__ - INFO - ============================================
2019-05-23 12:22:46,272 - __main__ - INFO - Start date: 2019-04-13; end date: 2019-04-23.
2019-05-23 12:22:46,289 - __main__ - INFO - ============================================
2019-05-23 12:22:46,289 - __main__ - INFO - Harvest 280 politician's info starts.
2019-05-23 12:22:46,869 - __main__ - INFO - ============================================
2019-05-23 12:22:46,869 - __main__ - INFO - Harvest 280 politician's tweets starts.
2019-05-23 12:22:47,448 - __main__ - INFO - Harvest politician's info finishes. 0.019307295481363933 mins used 
2019-05-23 12:22:48,812 - __main__ - INFO - Harvest politician's tweets finishes. 0.03238181670506795 mins used.
2019-05-23 12:22:50,468 - __main__ - INFO - Politician's tweets read time: 0:00:01.656009
2019-05-23 12:22:50,468 - __main__ - INFO - ============================================
2019-05-23 12:22:50,468 - __main__ - INFO - Read mentioned tweets starts
2019-05-23 12:23:32,586 - __main__ - INFO - 484301 mentioned tweets loaded. Time used: 0.7019497513771057 mins
2019-05-23 12:29:39,417 - __main__ - INFO - ============================================
2019-05-23 12:29:39,418 - __main__ - INFO - Start date: 2019-04-13; end date: 2019-04-23.
2019-05-23 12:29:39,439 - __main__ - INFO - ============================================
2019-05-23 12:29:39,439 - __main__ - INFO - Harvest 280 politician's info starts.
2019-05-23 12:29:40,052 - __main__ - INFO - ============================================
2019-05-23 12:29:40,052 - __main__ - INFO - Harvest 280 politician's tweets starts.
2019-05-23 12:29:40,659 - __main__ - INFO - Harvest politician's info finishes. 0.020340466499328615 mins used 
2019-05-23 12:29:41,372 - __main__ - INFO - Harvest politician's tweets finishes. 0.02199286619822184 mins used.
2019-05-23 12:29:42,459 - __main__ - INFO - Politician's tweets read time: 0:00:01.087039
2019-05-23 12:29:42,459 - __main__ - INFO - ============================================
2019-05-23 12:29:42,459 - __main__ - INFO - Read mentioned tweets starts
2019-05-23 12:30:27,136 - __main__ - INFO - 484301 mentioned tweets loaded. Time used: 0.7446041862169902 mins
2019-05-23 12:31:17,311 - __main__ - INFO - ============================================
2019-05-23 12:31:17,311 - __main__ - INFO - Start date: 2019-04-13; end date: 2019-04-23.
2019-05-23 12:31:17,328 - __main__ - INFO - ============================================
2019-05-23 12:31:17,328 - __main__ - INFO - Harvest 280 politician's info starts.
2019-05-23 12:31:17,914 - __main__ - INFO - ============================================
2019-05-23 12:31:17,914 - __main__ - INFO - Harvest 280 politician's tweets starts.
2019-05-23 12:31:18,505 - __main__ - INFO - Harvest politician's info finishes. 0.019610500335693358 mins used 
2019-05-23 12:31:19,405 - __main__ - INFO - Harvest politician's tweets finishes. 0.024846132596333823 mins used.
2019-05-23 12:31:20,540 - __main__ - INFO - Politician's tweets read time: 0:00:01.134567
2019-05-23 12:31:20,540 - __main__ - INFO - ============================================
2019-05-23 12:31:20,541 - __main__ - INFO - Read mentioned tweets starts
2019-05-23 12:31:59,079 - __main__ - INFO - 484301 mentioned tweets loaded. Time used: 0.642313281695048 mins
2019-05-23 12:35:24,395 - __main__ - INFO - ============================================
2019-05-23 12:35:24,395 - __main__ - INFO - Start date: 2019-04-13; end date: 2019-04-23.
2019-05-23 12:35:24,414 - __main__ - INFO - ============================================
2019-05-23 12:35:24,414 - __main__ - INFO - Harvest 280 politician's info starts.
2019-05-23 12:35:24,974 - __main__ - INFO - ============================================
2019-05-23 12:35:24,974 - __main__ - INFO - Harvest 280 politician's tweets starts.
2019-05-23 12:35:25,557 - __main__ - INFO - Harvest politician's info finishes. 0.019047415256500243 mins used 
2019-05-23 12:35:26,728 - __main__ - INFO - Harvest politician's tweets finishes. 0.02922358512878418 mins used.
2019-05-23 12:35:27,839 - __main__ - INFO - Politician's tweets read time: 0:00:01.110976
2019-05-23 12:35:27,840 - __main__ - INFO - ============================================
2019-05-23 12:35:27,840 - __main__ - INFO - Read mentioned tweets starts
2019-05-23 12:36:05,533 - __main__ - INFO - 484301 mentioned tweets loaded. Time used: 0.6282196482022603 mins
2019-05-23 12:37:33,914 - __main__ - INFO - ============================================
2019-05-23 12:37:33,914 - __main__ - INFO - Start date: 2019-04-13; end date: 2019-04-23.
2019-05-23 12:37:33,933 - __main__ - INFO - ============================================
2019-05-23 12:37:33,933 - __main__ - INFO - Harvest 280 politician's info starts.
2019-05-23 12:37:35,411 - __main__ - INFO - ============================================
2019-05-23 12:37:35,412 - __main__ - INFO - Harvest 280 politician's tweets starts.
2019-05-23 12:37:36,286 - __main__ - INFO - Harvest politician's info finishes. 0.039206031958262125 mins used 
2019-05-23 12:37:37,574 - __main__ - INFO - Harvest politician's tweets finishes. 0.03602979977925618 mins used.
2019-05-23 12:37:38,988 - __main__ - INFO - Politician's tweets read time: 0:00:01.414156
2019-05-23 12:37:38,988 - __main__ - INFO - ============================================
2019-05-23 12:37:38,988 - __main__ - INFO - Read mentioned tweets starts
2019-05-23 12:38:15,704 - __main__ - INFO - 484301 mentioned tweets loaded. Time used: 0.6119202812512715 mins
2019-05-23 12:38:45,617 - __main__ - INFO - ============================================
2019-05-23 12:38:45,617 - __main__ - INFO - Start date: 2019-04-13; end date: 2019-04-23.
2019-05-23 12:38:45,634 - __main__ - INFO - ============================================
2019-05-23 12:38:45,634 - __main__ - INFO - Harvest 280 politician's info starts.
2019-05-23 12:38:46,213 - __main__ - INFO - ============================================
2019-05-23 12:38:46,215 - __main__ - INFO - Harvest 280 politician's tweets starts.
2019-05-23 12:38:46,900 - __main__ - INFO - Harvest politician's info finishes. 0.02110193173090617 mins used 
2019-05-23 12:38:48,820 - __main__ - INFO - Harvest politician's tweets finishes. 0.04338413079579671 mins used.
2019-05-23 12:38:50,936 - __main__ - INFO - Politician's tweets read time: 0:00:02.115686
2019-05-23 12:38:50,936 - __main__ - INFO - ============================================
2019-05-23 12:38:50,936 - __main__ - INFO - Read mentioned tweets starts
2019-05-23 12:39:24,029 - __main__ - INFO - 484301 mentioned tweets loaded. Time used: 0.551539134979248 mins
2019-05-23 12:59:12,171 - __main__ - INFO - ============================================
2019-05-23 12:59:12,172 - __main__ - INFO - Start date: 2019-04-13; end date: 2019-05-03.
2019-05-23 12:59:12,203 - __main__ - INFO - ============================================
2019-05-23 12:59:12,203 - __main__ - INFO - Harvest 280 politician's info starts.
2019-05-23 12:59:12,823 - __main__ - INFO - ============================================
2019-05-23 12:59:12,823 - __main__ - INFO - Harvest 280 politician's tweets starts.
2019-05-23 12:59:13,475 - __main__ - INFO - Harvest politician's info finishes. 0.021196818351745604 mins used 
2019-05-23 12:59:15,299 - __main__ - INFO - Harvest politician's tweets finishes. 0.04126818180084228 mins used.
2019-05-23 12:59:19,772 - __main__ - INFO - Politician's tweets read time: 0:00:04.472003
2019-05-23 12:59:19,772 - __main__ - INFO - ============================================
2019-05-23 12:59:19,772 - __main__ - INFO - Read mentioned tweets starts
2019-05-23 13:01:12,847 - __main__ - INFO - 1074940 mentioned tweets loaded. Time used: 1.884586016337077 mins
2019-05-23 17:38:46,189 - __main__ - INFO - ============================================
2019-05-23 17:38:46,191 - __main__ - INFO - Start date: 2019-04-13; end date: 2019-04-15.
2019-05-23 17:38:46,220 - __main__ - INFO - ============================================
2019-05-23 17:38:46,220 - __main__ - INFO - Harvest 280 politician's info starts.
2019-05-23 17:38:46,934 - __main__ - INFO - ============================================
2019-05-23 17:38:46,934 - __main__ - INFO - Harvest 280 politician's tweets starts.
2019-05-23 17:38:47,468 - __main__ - INFO - Harvest politician's info finishes. 0.020804516474405923 mins used 
2019-05-23 17:38:48,492 - __main__ - INFO - Harvest politician's tweets finishes. 0.025963429609934488 mins used.
2019-05-23 17:38:49,107 - __main__ - INFO - Politician's tweets read time: 0:00:00.615033
2019-05-23 17:38:49,107 - __main__ - INFO - ============================================
2019-05-23 17:38:49,107 - __main__ - INFO - Read mentioned tweets starts
2019-05-23 17:38:54,970 - __main__ - INFO - 68773 mentioned tweets loaded. Time used: 0.09770896832148233 mins
2019-05-23 17:38:55,163 - __main__ - INFO - ============================================
2019-05-23 17:38:55,163 - __main__ - INFO - Attach state starts.
2019-05-23 17:40:48,386 - __main__ - INFO - Attach state finishes.
2019-05-23 17:40:48,386 - __main__ - INFO - ============================================
2019-05-23 17:40:48,386 - __main__ - INFO - Cumulative analysis starts
2019-05-23 17:40:57,370 - __main__ - INFO - Cumulative analysis finishes. Time used: 0.149734 mins
2019-05-23 17:40:57,370 - __main__ - INFO - ============================================
2019-05-23 17:40:57,371 - __main__ - INFO - Daily analysis starts
2019-05-23 17:41:01,345 - __main__ - INFO - Daily analysis finishes. Time used: 0.066244 mins
2019-05-23 17:50:09,788 - __main__ - INFO - ============================================
2019-05-23 17:50:09,789 - __main__ - INFO - Start date: 2019-04-13; end date: 2019-04-15.
2019-05-23 17:50:09,815 - __main__ - INFO - ============================================
2019-05-23 17:50:09,815 - __main__ - INFO - Harvest 280 politician's info starts.
2019-05-23 17:50:10,696 - __main__ - INFO - ============================================
2019-05-23 17:50:10,696 - __main__ - INFO - Harvest 280 politician's tweets starts.
2019-05-23 17:50:11,204 - __main__ - INFO - Harvest politician's info finishes. 0.023146800200144448 mins used 
2019-05-23 17:50:12,027 - __main__ - INFO - Harvest politician's tweets finishes. 0.022172848383585613 mins used.
2019-05-23 17:50:12,797 - __main__ - INFO - Politician's tweets read time: 0:00:00.770184
2019-05-23 17:50:12,797 - __main__ - INFO - ============================================
2019-05-23 17:50:12,797 - __main__ - INFO - Read mentioned tweets starts
2019-05-23 17:50:18,202 - __main__ - INFO - 68773 mentioned tweets loaded. Time used: 0.09006958405176799 mins
2019-05-23 17:50:18,346 - __main__ - INFO - ============================================
2019-05-23 17:50:18,346 - __main__ - INFO - Attach state starts.
2019-05-23 17:52:20,180 - __main__ - INFO - Attach state finishes.
2019-05-23 17:52:20,182 - __main__ - INFO - ============================================
2019-05-23 17:52:20,182 - __main__ - INFO - Cumulative analysis starts
2019-05-23 17:52:33,115 - __main__ - INFO - Cumulative analysis finishes. Time used: 0.215553 mins
2019-05-23 17:52:33,115 - __main__ - INFO - ============================================
2019-05-23 17:52:33,115 - __main__ - INFO - Daily analysis starts
2019-05-23 17:52:41,889 - __main__ - INFO - Daily analysis finishes. Time used: 0.146225 mins
2019-05-23 18:02:40,488 - __main__ - INFO - ============================================
2019-05-23 18:02:40,488 - __main__ - INFO - Start date: 2019-04-13; end date: 2019-04-15.
2019-05-23 18:02:40,510 - __main__ - INFO - ============================================
2019-05-23 18:02:40,510 - __main__ - INFO - Harvest 280 politician's info starts.
2019-05-23 18:02:41,050 - __main__ - INFO - ============================================
2019-05-23 18:02:41,051 - __main__ - INFO - Harvest 280 politician's tweets starts.
2019-05-23 18:02:41,586 - __main__ - INFO - Harvest politician's info finishes. 0.017924964427947998 mins used 
2019-05-23 18:02:42,397 - __main__ - INFO - Harvest politician's tweets finishes. 0.022426978747049967 mins used.
2019-05-23 18:02:43,055 - __main__ - INFO - Politician's tweets read time: 0:00:00.658660
2019-05-23 18:02:43,056 - __main__ - INFO - ============================================
2019-05-23 18:02:43,056 - __main__ - INFO - Read mentioned tweets starts
2019-05-23 18:02:49,792 - __main__ - INFO - 68773 mentioned tweets loaded. Time used: 0.11227091550827026 mins
2019-05-23 18:02:49,933 - __main__ - INFO - ============================================
2019-05-23 18:02:49,933 - __main__ - INFO - Attach state starts.
2019-05-23 18:04:37,028 - __main__ - INFO - Attach state finishes.
2019-05-23 18:04:37,029 - __main__ - INFO - ============================================
2019-05-23 18:04:37,030 - __main__ - INFO - Cumulative analysis starts
2019-05-23 18:04:45,906 - __main__ - INFO - Cumulative analysis finishes. Time used: 0.147936 mins
2019-05-23 18:04:45,907 - __main__ - INFO - ============================================
2019-05-23 18:04:45,907 - __main__ - INFO - Daily analysis starts
2019-05-23 18:04:49,250 - __main__ - INFO - Daily analysis finishes. Time used: 0.055715 mins
2019-05-23 18:05:07,967 - __main__ - INFO - ============================================
2019-05-23 18:05:07,967 - __main__ - INFO - Start date: 2019-04-13; end date: 2019-04-15.
2019-05-23 18:05:07,983 - __main__ - INFO - ============================================
2019-05-23 18:05:07,984 - __main__ - INFO - Harvest 280 politician's info starts.
2019-05-23 18:05:08,510 - __main__ - INFO - ============================================
2019-05-23 18:05:08,510 - __main__ - INFO - Harvest 280 politician's tweets starts.
2019-05-23 18:05:09,029 - __main__ - INFO - Harvest politician's info finishes. 0.017414196332295736 mins used 
2019-05-23 18:05:10,163 - __main__ - INFO - Harvest politician's tweets finishes. 0.027532939116160074 mins used.
2019-05-23 18:05:10,713 - __main__ - INFO - Politician's tweets read time: 0:00:00.549703
2019-05-23 18:05:10,713 - __main__ - INFO - ============================================
2019-05-23 18:05:10,713 - __main__ - INFO - Read mentioned tweets starts
2019-05-23 18:05:15,678 - __main__ - INFO - 68773 mentioned tweets loaded. Time used: 0.08275345166524252 mins
2019-05-23 18:05:15,823 - __main__ - INFO - ============================================
2019-05-23 18:05:15,823 - __main__ - INFO - Attach state starts.
2019-05-23 18:07:08,759 - __main__ - INFO - Attach state finishes.
2019-05-23 18:07:08,761 - __main__ - INFO - ============================================
2019-05-23 18:07:08,761 - __main__ - INFO - Cumulative analysis starts
2019-05-23 18:07:18,790 - __main__ - INFO - Cumulative analysis finishes. Time used: 0.167151 mins
2019-05-23 18:07:18,790 - __main__ - INFO - ============================================
2019-05-23 18:07:18,790 - __main__ - INFO - Daily analysis starts
2019-05-23 18:07:23,432 - __main__ - INFO - Daily analysis finishes. Time used: 0.077351 mins
2019-05-23 18:16:19,770 - __main__ - INFO - ============================================
2019-05-23 18:16:19,771 - __main__ - INFO - Start date: 2019-04-13; end date: 2019-04-15.
2019-05-23 18:16:19,797 - __main__ - INFO - ============================================
2019-05-23 18:16:19,797 - __main__ - INFO - Harvest 280 politician's info starts.
2019-05-23 18:16:20,355 - __main__ - INFO - ============================================
2019-05-23 18:16:20,355 - __main__ - INFO - Harvest 280 politician's tweets starts.
2019-05-23 18:16:20,862 - __main__ - INFO - Harvest politician's info finishes. 0.01774758497873942 mins used 
2019-05-23 18:16:21,604 - __main__ - INFO - Harvest politician's tweets finishes. 0.02080297072728475 mins used.
2019-05-23 18:16:22,189 - __main__ - INFO - Politician's tweets read time: 0:00:00.584560
2019-05-23 18:16:22,189 - __main__ - INFO - ============================================
2019-05-23 18:16:22,189 - __main__ - INFO - Read mentioned tweets starts
2019-05-23 18:16:29,830 - __main__ - INFO - 68773 mentioned tweets loaded. Time used: 0.12734663486480713 mins
2019-05-23 18:16:29,982 - __main__ - INFO - ============================================
2019-05-23 18:16:29,982 - __main__ - INFO - Attach state starts.
2019-05-23 18:18:42,534 - __main__ - INFO - Attach state finishes.
2019-05-23 18:18:42,536 - __main__ - INFO - ============================================
2019-05-23 18:18:42,536 - __main__ - INFO - Cumulative analysis starts
2019-05-23 18:18:47,277 - __main__ - INFO - Cumulative analysis finishes. Time used: 0.079013 mins
2019-05-23 18:18:47,277 - __main__ - INFO - ============================================
2019-05-23 18:18:47,277 - __main__ - INFO - Daily analysis starts
2019-05-23 18:18:51,004 - __main__ - INFO - Daily analysis finishes. Time used: 0.062113 mins
2019-05-23 18:20:57,266 - __main__ - INFO - ============================================
2019-05-23 18:20:57,267 - __main__ - INFO - Start date: 2019-04-13; end date: 2019-04-15.
2019-05-23 18:20:57,301 - __main__ - INFO - ============================================
2019-05-23 18:20:57,301 - __main__ - INFO - Harvest 280 politician's info starts.
2019-05-23 18:20:57,847 - __main__ - INFO - ============================================
2019-05-23 18:20:57,847 - __main__ - INFO - Harvest 280 politician's tweets starts.
2019-05-23 18:20:58,364 - __main__ - INFO - Harvest politician's info finishes. 0.017712549368540446 mins used 
2019-05-23 18:20:59,763 - __main__ - INFO - Harvest politician's tweets finishes. 0.031930045286814375 mins used.
2019-05-23 18:21:00,414 - __main__ - INFO - Politician's tweets read time: 0:00:00.650643
2019-05-23 18:21:00,414 - __main__ - INFO - ============================================
2019-05-23 18:21:00,414 - __main__ - INFO - Read mentioned tweets starts
2019-05-23 18:21:05,875 - __main__ - INFO - 68773 mentioned tweets loaded. Time used: 0.09101392030715942 mins
2019-05-23 18:21:06,026 - __main__ - INFO - ============================================
2019-05-23 18:21:06,027 - __main__ - INFO - Attach state starts.
2019-05-23 18:22:57,274 - __main__ - INFO - Attach state finishes.
2019-05-23 18:22:57,276 - __main__ - INFO - ============================================
2019-05-23 18:22:57,276 - __main__ - INFO - Cumulative analysis starts
2019-05-23 18:23:10,038 - __main__ - INFO - Cumulative analysis finishes. Time used: 0.212692 mins
2019-05-23 18:23:10,038 - __main__ - INFO - ============================================
2019-05-23 18:23:10,038 - __main__ - INFO - Daily analysis starts
2019-05-23 18:23:13,712 - __main__ - INFO - Daily analysis finishes. Time used: 0.061224 mins
2019-05-23 18:24:58,355 - __main__ - INFO - ============================================
2019-05-23 18:24:58,356 - __main__ - INFO - Start date: 2019-04-13; end date: 2019-04-15.
2019-05-23 18:24:58,373 - __main__ - INFO - ============================================
2019-05-23 18:24:58,373 - __main__ - INFO - Harvest 280 politician's info starts.
2019-05-23 18:24:58,902 - __main__ - INFO - ============================================
2019-05-23 18:24:58,902 - __main__ - INFO - Harvest 280 politician's tweets starts.
2019-05-23 18:24:59,453 - __main__ - INFO - Harvest politician's info finishes. 0.018006916840871176 mins used 
2019-05-23 18:25:00,200 - __main__ - INFO - Harvest politician's tweets finishes. 0.02163238525390625 mins used.
2019-05-23 18:25:00,846 - __main__ - INFO - Politician's tweets read time: 0:00:00.645891
2019-05-23 18:25:00,847 - __main__ - INFO - ============================================
2019-05-23 18:25:00,847 - __main__ - INFO - Read mentioned tweets starts
2019-05-23 18:25:07,100 - __main__ - INFO - 68773 mentioned tweets loaded. Time used: 0.10422021547953288 mins
2019-05-23 18:25:07,270 - __main__ - INFO - ============================================
2019-05-23 18:25:07,274 - __main__ - INFO - Attach state starts.
2019-05-23 18:26:56,844 - __main__ - INFO - Attach state finishes.
2019-05-23 18:26:56,845 - __main__ - INFO - ============================================
2019-05-23 18:26:56,846 - __main__ - INFO - Cumulative analysis starts
2019-05-23 18:27:06,213 - __main__ - INFO - Cumulative analysis finishes. Time used: 0.156123 mins
2019-05-23 18:27:06,214 - __main__ - INFO - ============================================
2019-05-23 18:27:06,214 - __main__ - INFO - Daily analysis starts
2019-05-23 18:27:08,991 - __main__ - INFO - Daily analysis finishes. Time used: 0.046278 mins
2019-05-23 18:35:48,937 - __main__ - INFO - ============================================
2019-05-23 18:35:48,939 - __main__ - INFO - Start date: 2019-04-13; end date: 2019-04-15.
2019-05-23 18:35:48,966 - __main__ - INFO - ============================================
2019-05-23 18:35:48,966 - __main__ - INFO - Harvest 280 politician's info starts.
2019-05-23 18:35:49,665 - __main__ - INFO - ============================================
2019-05-23 18:35:49,665 - __main__ - INFO - Harvest 280 politician's tweets starts.
2019-05-23 18:35:50,250 - __main__ - INFO - Harvest politician's info finishes. 0.021381282806396486 mins used 
2019-05-23 18:35:50,950 - __main__ - INFO - Harvest politician's tweets finishes. 0.02140967845916748 mins used.
2019-05-23 18:35:51,588 - __main__ - INFO - Politician's tweets read time: 0:00:00.638316
2019-05-23 18:35:51,588 - __main__ - INFO - ============================================
2019-05-23 18:35:51,588 - __main__ - INFO - Read mentioned tweets starts
2019-05-23 18:35:59,248 - __main__ - INFO - 68773 mentioned tweets loaded. Time used: 0.12765338023503622 mins
2019-05-23 18:35:59,397 - __main__ - INFO - ============================================
2019-05-23 18:35:59,397 - __main__ - INFO - Attach state starts.
2019-05-23 18:37:51,441 - __main__ - INFO - Attach state finishes.
2019-05-23 18:37:51,443 - __main__ - INFO - ============================================
2019-05-23 18:37:51,443 - __main__ - INFO - Cumulative analysis starts
2019-05-23 18:38:17,586 - __main__ - INFO - Cumulative analysis finishes. Time used: 0.435710 mins
2019-05-23 18:38:17,586 - __main__ - INFO - ============================================
2019-05-23 18:38:17,586 - __main__ - INFO - Daily analysis starts
2019-05-23 18:38:37,394 - __main__ - INFO - Daily analysis finishes. Time used: 0.330118 mins
